29/09/2021 21:43:58 FEED MONEY: $5.0 $5.0
29/09/2021 21:43:59 FEED MONEY: $10.0 $5.0
29/09/2021 21:44:01 FEED MONEY: $10.0 $0.0
29/09/2021 22:07:48 FEED MONEY: $5.0 $5.0
29/09/2021 22:07:50 FEED MONEY: $10.0 $5.0
29/09/2021 22:07:54 Give Change: $0.0 $10.0
29/09/2021 22:09:18 FEED MONEY: $5.0 $5.0
29/09/2021 22:09:19 FEED MONEY: $10.0 $5.0
29/09/2021 22:09:22 Give Change: $10.0 $0.0
29/09/2021 22:18:27 FEED MONEY: $5.0 $5.0
29/09/2021 22:18:44 U-Chews d14.15 $3.3000000000000003
29/09/2021 22:18:48 Give Change: $4.15 $0.0
29/09/2021 22:22:21 FEED MONEY: $29/09/2021 22:23:11 FEED MONEY: $29/09/2021 22:26:33 FEED MONEY: $29/09/2021 22:28:18 FEED MONEY: $29/09/2021 22:29:48 FEED MONEY: $5.0029/09/2021 22:29:52 GIVE CHANGE: $5.0029/09/2021 22:31:07 FEED MONEY: $5.0029/09/2021 22:31:11 FEED MONEY: $10.0029/09/2021 22:31:36 U-Chews D1 $9.1529/09/2021 22:31:41 GIVE CHANGE: $9.1529/09/2021 22:33:57 FEED MONEY: $5.00java.io.PrintWriter@4fe3c938
29/09/2021 22:34:04 U-Chews D1 $4.15java.io.PrintWriter@22a67b4
29/09/2021 22:34:09 GIVE CHANGE: $4.15java.io.PrintWriter@57855c9a

29/09/2021 22:36:00 FEED MONEY: $5.00
29/09/2021 22:36:06 U-Chews D1 $4.15
29/09/2021 22:36:08 GIVE CHANGE: $4.15
29/09/2021 22:40:21 FEED MONEY: $5.00
29/09/2021 22:40:24 GIVE CHANGE: $5.00
29/09/2021 22:43:39 FEED MONEY: $5.00
29/09/2021 22:44:10 U-Chews D1 $4.15
29/09/2021 22:44:14 GIVE CHANGE: $4.15
29/09/2021 22:48:46 FEED MONEY: $5.00
29/09/2021 22:48:50 GIVE CHANGE: $5.00
29/09/2021 22:52:11 FEED MONEY: $5.00 $5.00
29/09/2021 22:52:16 GIVE CHANGE: $5.00 $0.00
29/09/2021 22:53:13 FEED MONEY: $5.00 $5.00
29/09/2021 22:54:54 U-Chews D1 $4.15 $3.30
29/09/2021 22:55:01 U-Chews D1 $3.30 $2.45
29/09/2021 22:55:04 GIVE CHANGE: $3.30 $0.00
29/09/2021 23:25:21 FEED MONEY: $5.00 $5.00
29/09/2021 23:25:24 GIVE CHANGE: $5.00 $0.00
30/09/2021 12:56:26 FEED MONEY: $5.00 $5.00
30/09/2021 12:56:27 FEED MONEY: $10.00 $5.00
30/09/2021 12:56:38 U-Chews D1 $9.15 $8.30
30/09/2021 12:56:54 U-Chews D1 $8.30 $7.45
30/09/2021 12:56:57 U-Chews D1 $7.45 $6.60
30/09/2021 12:57:00 U-Chews D1 $6.60 $5.75
30/09/2021 12:57:01 U-Chews D1 $5.75 $4.90
30/09/2021 12:57:28 GIVE CHANGE: $5.75 $0.00
30/09/2021 17:19:37 FEED MONEY: $5.00 $5.00
30/09/2021 17:19:39 FEED MONEY: $10.00 $5.00
30/09/2021 17:19:48 U-Chews D1 $9.15 $8.30
30/09/2021 17:20:10 U-Chews D1 $8.30 $7.45
30/09/2021 17:20:12 GIVE CHANGE: $8.30 $0.00
02/10/2021 17:21:20 FEED MONEY: $5.00 $5.00
02/10/2021 17:21:21 FEED MONEY: $10.00 $5.00
02/10/2021 17:21:32 U-Chews D1 $9.15 $8.30
02/10/2021 17:21:36 U-Chews D1 $8.30 $7.45
02/10/2021 17:21:39 U-Chews D1 $7.45 $6.60
02/10/2021 17:21:41 U-Chews D1 $6.60 $5.75
02/10/2021 17:21:45 U-Chews D1 $5.75 $4.90
02/10/2021 17:22:05 Chiclets D3 $5.00 $4.25
02/10/2021 17:22:10 GIVE CHANGE: $5.00 $0.00